2018-12-17 09:45:08.330  INFO 10608 --- [restartedMain] com.example.demo.DemoApplication         : Starting DemoApplication on nkgw10nh1453 with PID 10608 (D:\SpringbootXmxTeach\target\classes started by Jun.Zhao in D:\SpringbootXmxTeach)
2018-12-17 09:45:08.340  INFO 10608 --- [restartedMain] com.example.demo.DemoApplication         : No active profile set, falling back to default profiles: default
2018-12-17 09:45:08.445  INFO 10608 --- [restartedMain] .e.DevToolsPropertyDefaultsPostProcessor : Devtools property defaults active! Set 'spring.devtools.add-properties' to 'false' to disable
2018-12-17 09:45:08.446  INFO 10608 --- [restartedMain] .e.DevToolsPropertyDefaultsPostProcessor : For additional web related logging consider setting the 'logging.level.web' property to 'DEBUG'
2018-12-17 09:45:11.031  INFO 10608 --- [restartedMain] o.s.b.w.embedded.tomcat.TomcatWebServer  : Tomcat initialized with port(s): 8080 (http)
2018-12-17 09:45:11.046  INFO 10608 --- [restartedMain] o.apache.catalina.core.StandardService   : Starting service [Tomcat]
2018-12-17 09:45:11.046  INFO 10608 --- [restartedMain] org.apache.catalina.core.StandardEngine  : Starting Servlet Engine: Apache Tomcat/9.0.13
2018-12-17 09:45:11.062  INFO 10608 --- [restartedMain] o.a.catalina.core.AprLifecycleListener   : The APR based Apache Tomcat Native library which allows optimal performance in production environments was not found on the java.library.path: [C:\Program Files\Java\jdk1.8.0_162\bin;C:\Windows\Sun\Java\bin;C:\Windows\system32;C:\Windows;C:\ProgramData\Oracle\Java\javapath;C:\Program Files\Java\jdk1.8.0_162\bin;C:\Program Files\MySQL\MySQL Utilities 1.6\;E:\Git\cmd;D:\Program Files\Apache\maven\bin\;C:\Users\jun.zhao\AppData\Local\Microsoft\WindowsApps;;.]
2018-12-17 09:45:11.162  INFO 10608 --- [restartedMain] o.a.c.c.C.[Tomcat].[localhost].[/]       : Initializing Spring embedded WebApplicationContext
2018-12-17 09:45:11.162  INFO 10608 --- [restartedMain] o.s.web.context.ContextLoader            : Root WebApplicationContext: initialization completed in 2716 ms
2018-12-17 09:45:11.802  INFO 10608 --- [restartedMain] o.s.s.concurrent.ThreadPoolTaskExecutor  : Initializing ExecutorService 'applicationTaskExecutor'
2018-12-17 09:45:12.102  INFO 10608 --- [restartedMain] o.s.b.d.a.OptionalLiveReloadServer       : LiveReload server is running on port 35729
2018-12-17 09:45:12.165  INFO 10608 --- [restartedMain] o.s.b.w.embedded.tomcat.TomcatWebServer  : Tomcat started on port(s): 8080 (http) with context path ''
2018-12-17 09:45:12.165  INFO 10608 --- [restartedMain] com.example.demo.DemoApplication         : Started DemoApplication in 4.702 seconds (JVM running for 6.046)
2018-12-17 11:03:45.352  INFO 240 --- [restartedMain] com.example.demo.DemoApplication         : Starting DemoApplication on nkgw10nh1453 with PID 240 (D:\SpringbootXmxTeach\target\classes started by Jun.Zhao in D:\SpringbootXmxTeach)
2018-12-17 11:03:45.367  INFO 240 --- [restartedMain] com.example.demo.DemoApplication         : No active profile set, falling back to default profiles: default
2018-12-17 11:03:45.430  INFO 240 --- [restartedMain] .e.DevToolsPropertyDefaultsPostProcessor : Devtools property defaults active! Set 'spring.devtools.add-properties' to 'false' to disable
2018-12-17 11:03:45.430  INFO 240 --- [restartedMain] .e.DevToolsPropertyDefaultsPostProcessor : For additional web related logging consider setting the 'logging.level.web' property to 'DEBUG'
2018-12-17 11:03:47.633  INFO 240 --- [restartedMain] o.s.b.w.embedded.tomcat.TomcatWebServer  : Tomcat initialized with port(s): 8080 (http)
2018-12-17 11:03:47.649  INFO 240 --- [restartedMain] o.apache.catalina.core.StandardService   : Starting service [Tomcat]
2018-12-17 11:03:47.649  INFO 240 --- [restartedMain] org.apache.catalina.core.StandardEngine  : Starting Servlet Engine: Apache Tomcat/9.0.13
2018-12-17 11:03:47.664  INFO 240 --- [restartedMain] o.a.catalina.core.AprLifecycleListener   : The APR based Apache Tomcat Native library which allows optimal performance in production environments was not found on the java.library.path: [C:\Program Files\Java\jdk1.8.0_162\bin;C:\Windows\Sun\Java\bin;C:\Windows\system32;C:\Windows;C:\ProgramData\Oracle\Java\javapath;C:\Program Files\Java\jdk1.8.0_162\bin;C:\Program Files\MySQL\MySQL Utilities 1.6\;E:\Git\cmd;D:\Program Files\Apache\maven\bin\;C:\Users\jun.zhao\AppData\Local\Microsoft\WindowsApps;;.]
2018-12-17 11:03:47.742  INFO 240 --- [restartedMain] o.a.c.c.C.[Tomcat].[localhost].[/]       : Initializing Spring embedded WebApplicationContext
2018-12-17 11:03:47.742  INFO 240 --- [restartedMain] o.s.web.context.ContextLoader            : Root WebApplicationContext: initialization completed in 2312 ms
2018-12-17 11:03:48.555  INFO 240 --- [restartedMain] o.s.s.concurrent.ThreadPoolTaskExecutor  : Initializing ExecutorService 'applicationTaskExecutor'
2018-12-17 11:03:48.883  INFO 240 --- [restartedMain] o.s.b.d.a.OptionalLiveReloadServer       : LiveReload server is running on port 35729
2018-12-17 11:03:48.961  INFO 240 --- [restartedMain] o.s.b.w.embedded.tomcat.TomcatWebServer  : Tomcat started on port(s): 8080 (http) with context path ''
2018-12-17 11:03:48.961  INFO 240 --- [restartedMain] com.example.demo.DemoApplication         : Started DemoApplication in 4.125 seconds (JVM running for 5.312)
2018-12-17 11:04:31.297  INFO 240 --- [http-nio-8080-exec-1] o.a.c.c.C.[Tomcat].[localhost].[/]       : Initializing Spring DispatcherServlet 'dispatcherServlet'
2018-12-17 11:04:31.297  INFO 240 --- [http-nio-8080-exec-1] o.s.web.servlet.DispatcherServlet        : Initializing Servlet 'dispatcherServlet'
2018-12-17 11:04:31.312  INFO 240 --- [http-nio-8080-exec-1] o.s.web.servlet.DispatcherServlet        : Completed initialization in 15 ms
2018-12-17 11:04:53.978  INFO 12936 --- [restartedMain] com.example.demo.DemoApplication         : Starting DemoApplication on nkgw10nh1453 with PID 12936 (D:\SpringbootXmxTeach\target\classes started by Jun.Zhao in D:\SpringbootXmxTeach)
2018-12-17 11:04:53.993  INFO 12936 --- [restartedMain] com.example.demo.DemoApplication         : No active profile set, falling back to default profiles: default
2018-12-17 11:04:54.088  INFO 12936 --- [restartedMain] .e.DevToolsPropertyDefaultsPostProcessor : Devtools property defaults active! Set 'spring.devtools.add-properties' to 'false' to disable
2018-12-17 11:04:54.088  INFO 12936 --- [restartedMain] .e.DevToolsPropertyDefaultsPostProcessor : For additional web related logging consider setting the 'logging.level.web' property to 'DEBUG'
2018-12-17 11:04:56.082  INFO 12936 --- [restartedMain] o.s.b.w.embedded.tomcat.TomcatWebServer  : Tomcat initialized with port(s): 8080 (http)
2018-12-17 11:04:56.113  INFO 12936 --- [restartedMain] o.apache.catalina.core.StandardService   : Starting service [Tomcat]
2018-12-17 11:04:56.113  INFO 12936 --- [restartedMain] org.apache.catalina.core.StandardEngine  : Starting Servlet Engine: Apache Tomcat/9.0.13
2018-12-17 11:04:56.113  INFO 12936 --- [restartedMain] o.a.catalina.core.AprLifecycleListener   : The APR based Apache Tomcat Native library which allows optimal performance in production environments was not found on the java.library.path: [C:\Program Files\Java\jdk1.8.0_162\bin;C:\Windows\Sun\Java\bin;C:\Windows\system32;C:\Windows;C:\ProgramData\Oracle\Java\javapath;C:\Program Files\Java\jdk1.8.0_162\bin;C:\Program Files\MySQL\MySQL Utilities 1.6\;E:\Git\cmd;D:\Program Files\Apache\maven\bin\;C:\Users\jun.zhao\AppData\Local\Microsoft\WindowsApps;;.]
2018-12-17 11:04:56.212  INFO 12936 --- [restartedMain] o.a.c.c.C.[Tomcat].[localhost].[/]       : Initializing Spring embedded WebApplicationContext
2018-12-17 11:04:56.213  INFO 12936 --- [restartedMain] o.s.web.context.ContextLoader            : Root WebApplicationContext: initialization completed in 2123 ms
2018-12-17 11:04:56.930  INFO 12936 --- [restartedMain] o.s.s.concurrent.ThreadPoolTaskExecutor  : Initializing ExecutorService 'applicationTaskExecutor'
2018-12-17 11:04:57.287  INFO 12936 --- [restartedMain] o.s.b.d.a.OptionalLiveReloadServer       : LiveReload server is running on port 35729
2018-12-17 11:04:57.339  INFO 12936 --- [restartedMain] o.s.b.w.embedded.tomcat.TomcatWebServer  : Tomcat started on port(s): 8080 (http) with context path ''
2018-12-17 11:04:57.354  INFO 12936 --- [restartedMain] com.example.demo.DemoApplication         : Started DemoApplication in 3.895 seconds (JVM running for 5.061)
2018-12-17 11:05:06.672  INFO 12936 --- [http-nio-8080-exec-1] o.a.c.c.C.[Tomcat].[localhost].[/]       : Initializing Spring DispatcherServlet 'dispatcherServlet'
2018-12-17 11:05:06.672  INFO 12936 --- [http-nio-8080-exec-1] o.s.web.servlet.DispatcherServlet        : Initializing Servlet 'dispatcherServlet'
2018-12-17 11:05:06.684  INFO 12936 --- [http-nio-8080-exec-1] o.s.web.servlet.DispatcherServlet        : Completed initialization in 12 ms
2018-12-17 11:05:34.058  INFO 12936 --- [http-nio-8080-exec-10] com.zaxxer.hikari.HikariDataSource       : HikariPool-1 - Starting...
2018-12-17 11:05:34.060  WARN 12936 --- [http-nio-8080-exec-10] com.zaxxer.hikari.util.DriverDataSource  : Registered driver with driverClassName=com.mysql.jdbc.Driver was not found, trying direct instantiation.
2018-12-17 11:05:34.167  INFO 12936 --- [http-nio-8080-exec-10] com.zaxxer.hikari.HikariDataSource       : HikariPool-1 - Start completed.
2018-12-17 11:09:47.405  INFO 5892 --- [restartedMain] com.example.demo.DemoApplication         : Starting DemoApplication on nkgw10nh1453 with PID 5892 (D:\SpringbootXmxTeach\target\classes started by Jun.Zhao in D:\SpringbootXmxTeach)
2018-12-17 11:09:47.405  INFO 5892 --- [restartedMain] com.example.demo.DemoApplication         : No active profile set, falling back to default profiles: default
2018-12-17 11:09:47.483  INFO 5892 --- [restartedMain] .e.DevToolsPropertyDefaultsPostProcessor : Devtools property defaults active! Set 'spring.devtools.add-properties' to 'false' to disable
2018-12-17 11:09:47.498  INFO 5892 --- [restartedMain] .e.DevToolsPropertyDefaultsPostProcessor : For additional web related logging consider setting the 'logging.level.web' property to 'DEBUG'
2018-12-17 11:09:49.655  INFO 5892 --- [restartedMain] o.s.b.w.embedded.tomcat.TomcatWebServer  : Tomcat initialized with port(s): 8080 (http)
2018-12-17 11:09:49.702  INFO 5892 --- [restartedMain] o.apache.catalina.core.StandardService   : Starting service [Tomcat]
2018-12-17 11:09:49.702  INFO 5892 --- [restartedMain] org.apache.catalina.core.StandardEngine  : Starting Servlet Engine: Apache Tomcat/9.0.13
2018-12-17 11:09:49.702  INFO 5892 --- [restartedMain] o.a.catalina.core.AprLifecycleListener   : The APR based Apache Tomcat Native library which allows optimal performance in production environments was not found on the java.library.path: [C:\Program Files\Java\jdk1.8.0_162\bin;C:\Windows\Sun\Java\bin;C:\Windows\system32;C:\Windows;C:\ProgramData\Oracle\Java\javapath;C:\Program Files\Java\jdk1.8.0_162\bin;C:\Program Files\MySQL\MySQL Utilities 1.6\;E:\Git\cmd;D:\Program Files\Apache\maven\bin\;C:\Users\jun.zhao\AppData\Local\Microsoft\WindowsApps;;.]
2018-12-17 11:09:49.811  INFO 5892 --- [restartedMain] o.a.c.c.C.[Tomcat].[localhost].[/]       : Initializing Spring embedded WebApplicationContext
2018-12-17 11:09:49.811  INFO 5892 --- [restartedMain] o.s.web.context.ContextLoader            : Root WebApplicationContext: initialization completed in 2313 ms
2018-12-17 11:09:50.530  INFO 5892 --- [restartedMain] o.s.s.concurrent.ThreadPoolTaskExecutor  : Initializing ExecutorService 'applicationTaskExecutor'
2018-12-17 11:09:50.874  INFO 5892 --- [restartedMain] o.s.b.d.a.OptionalLiveReloadServer       : LiveReload server is running on port 35729
2018-12-17 11:09:50.936  INFO 5892 --- [restartedMain] o.s.b.w.embedded.tomcat.TomcatWebServer  : Tomcat started on port(s): 8080 (http) with context path ''
2018-12-17 11:09:50.936  INFO 5892 --- [restartedMain] com.example.demo.DemoApplication         : Started DemoApplication in 4.047 seconds (JVM running for 5.198)
2018-12-17 11:10:01.352  INFO 5892 --- [http-nio-8080-exec-1] o.a.c.c.C.[Tomcat].[localhost].[/]       : Initializing Spring DispatcherServlet 'dispatcherServlet'
2018-12-17 11:10:01.352  INFO 5892 --- [http-nio-8080-exec-1] o.s.web.servlet.DispatcherServlet        : Initializing Servlet 'dispatcherServlet'
2018-12-17 11:10:01.368  INFO 5892 --- [http-nio-8080-exec-1] o.s.web.servlet.DispatcherServlet        : Completed initialization in 16 ms
2018-12-17 11:10:01.416  INFO 5892 --- [http-nio-8080-exec-1] com.zaxxer.hikari.HikariDataSource       : HikariPool-1 - Starting...
2018-12-17 11:10:01.420  WARN 5892 --- [http-nio-8080-exec-1] com.zaxxer.hikari.util.DriverDataSource  : Registered driver with driverClassName=com.mysql.jdbc.Driver was not found, trying direct instantiation.
2018-12-17 11:10:01.528  INFO 5892 --- [http-nio-8080-exec-1] com.zaxxer.hikari.HikariDataSource       : HikariPool-1 - Start completed.
2018-12-17 11:10:01.684 ERROR 5892 --- [http-nio-8080-exec-1] o.a.c.c.C.[.[.[/].[dispatcherServlet]    : Servlet.service() for servlet [dispatcherServlet] in context with path [] threw exception [Request processing failed; nested exception is org.springframework.dao.DataIntegrityViolationException: 
### Error updating database.  Cause: java.sql.SQLIntegrityConstraintViolationException: Column 'phone' cannot be null
### The error may involve com.example.demo.dao.UserMapper.insertuser-Inline
### The error occurred while setting parameters
### SQL: insert into user_info(phone,password) values(?,?)
### Cause: java.sql.SQLIntegrityConstraintViolationException: Column 'phone' cannot be null
; Column 'phone' cannot be null; nested exception is java.sql.SQLIntegrityConstraintViolationException: Column 'phone' cannot be null] with root cause

java.sql.SQLIntegrityConstraintViolationException: Column 'phone' cannot be null
	at com.mysql.cj.jdbc.exceptions.SQLError.createSQLException(SQLError.java:117) ~[mysql-connector-java-8.0.13.jar:8.0.13]
	at com.mysql.cj.jdbc.exceptions.SQLError.createSQLException(SQLError.java:97) ~[mysql-connector-java-8.0.13.jar:8.0.13]
	at com.mysql.cj.jdbc.exceptions.SQLExceptionsMapping.translateException(SQLExceptionsMapping.java:122) ~[mysql-connector-java-8.0.13.jar:8.0.13]
	at com.mysql.cj.jdbc.ClientPreparedStatement.executeInternal(ClientPreparedStatement.java:974) ~[mysql-connector-java-8.0.13.jar:8.0.13]
	at com.mysql.cj.jdbc.ClientPreparedStatement.execute(ClientPreparedStatement.java:391) ~[mysql-connector-java-8.0.13.jar:8.0.13]
	at com.zaxxer.hikari.pool.ProxyPreparedStatement.execute(ProxyPreparedStatement.java:44) ~[HikariCP-3.2.0.jar:na]
	at com.zaxxer.hikari.pool.HikariProxyPreparedStatement.execute(HikariProxyPreparedStatement.java) ~[HikariCP-3.2.0.jar:na]
	at org.apache.ibatis.executor.statement.PreparedStatementHandler.update(PreparedStatementHandler.java:46) ~[mybatis-3.4.6.jar:3.4.6]
	at org.apache.ibatis.executor.statement.RoutingStatementHandler.update(RoutingStatementHandler.java:74) ~[mybatis-3.4.6.jar:3.4.6]
	at org.apache.ibatis.executor.SimpleExecutor.doUpdate(SimpleExecutor.java:50) ~[mybatis-3.4.6.jar:3.4.6]
	at org.apache.ibatis.executor.BaseExecutor.update(BaseExecutor.java:117) ~[mybatis-3.4.6.jar:3.4.6]
	at org.apache.ibatis.executor.CachingExecutor.update(CachingExecutor.java:76) ~[mybatis-3.4.6.jar:3.4.6]
	at org.apache.ibatis.session.defaults.DefaultSqlSession.update(DefaultSqlSession.java:198) ~[mybatis-3.4.6.jar:3.4.6]
	at org.apache.ibatis.session.defaults.DefaultSqlSession.insert(DefaultSqlSession.java:185) ~[mybatis-3.4.6.jar:3.4.6]
	at sun.reflect.NativeMethodAccessorImpl.invoke0(Native Method) ~[na:1.8.0_162]
	at sun.reflect.NativeMethodAccessorImpl.invoke(NativeMethodAccessorImpl.java:62) ~[na:1.8.0_162]
	at sun.reflect.DelegatingMethodAccessorImpl.invoke(DelegatingMethodAccessorImpl.java:43) ~[na:1.8.0_162]
	at java.lang.reflect.Method.invoke(Method.java:498) ~[na:1.8.0_162]
	at org.mybatis.spring.SqlSessionTemplate$SqlSessionInterceptor.invoke(SqlSessionTemplate.java:433) ~[mybatis-spring-1.3.2.jar:1.3.2]
	at com.sun.proxy.$Proxy70.insert(Unknown Source) ~[na:na]
	at org.mybatis.spring.SqlSessionTemplate.insert(SqlSessionTemplate.java:278) ~[mybatis-spring-1.3.2.jar:1.3.2]
	at org.apache.ibatis.binding.MapperMethod.execute(MapperMethod.java:58) ~[mybatis-3.4.6.jar:3.4.6]
	at org.apache.ibatis.binding.MapperProxy.invoke(MapperProxy.java:59) ~[mybatis-3.4.6.jar:3.4.6]
	at com.sun.proxy.$Proxy75.insertuser(Unknown Source) ~[na:na]
	at sun.reflect.NativeMethodAccessorImpl.invoke0(Native Method) ~[na:1.8.0_162]
	at sun.reflect.NativeMethodAccessorImpl.invoke(NativeMethodAccessorImpl.java:62) ~[na:1.8.0_162]
	at sun.reflect.DelegatingMethodAccessorImpl.invoke(DelegatingMethodAccessorImpl.java:43) ~[na:1.8.0_162]
	at java.lang.reflect.Method.invoke(Method.java:498) ~[na:1.8.0_162]
	at org.springframework.aop.support.AopUtils.invokeJoinpointUsingReflection(AopUtils.java:343) ~[spring-aop-5.1.3.RELEASE.jar:5.1.3.RELEASE]
	at org.springframework.aop.framework.ReflectiveMethodInvocation.invokeJoinpoint(ReflectiveMethodInvocation.java:198) ~[spring-aop-5.1.3.RELEASE.jar:5.1.3.RELEASE]
	at org.springframework.aop.framework.ReflectiveMethodInvocation.proceed(ReflectiveMethodInvocation.java:163) ~[spring-aop-5.1.3.RELEASE.jar:5.1.3.RELEASE]
	at org.springframework.dao.support.PersistenceExceptionTranslationInterceptor.invoke(PersistenceExceptionTranslationInterceptor.java:139) ~[spring-tx-5.1.3.RELEASE.jar:5.1.3.RELEASE]
	at org.springframework.aop.framework.ReflectiveMethodInvocation.proceed(ReflectiveMethodInvocation.java:186) ~[spring-aop-5.1.3.RELEASE.jar:5.1.3.RELEASE]
	at org.springframework.aop.framework.JdkDynamicAopProxy.invoke(JdkDynamicAopProxy.java:212) ~[spring-aop-5.1.3.RELEASE.jar:5.1.3.RELEASE]
	at com.sun.proxy.$Proxy76.insertuser(Unknown Source) ~[na:na]
	at com.example.demo.service.serviceimp.UserserviceImp.adduser(UserserviceImp.java:18) ~[classes/:na]
	at com.example.demo.controller.UserController.register(UserController.java:30) ~[classes/:na]
	at sun.reflect.NativeMethodAccessorImpl.invoke0(Native Method) ~[na:1.8.0_162]
	at sun.reflect.NativeMethodAccessorImpl.invoke(NativeMethodAccessorImpl.java:62) ~[na:1.8.0_162]
	at sun.reflect.DelegatingMethodAccessorImpl.invoke(DelegatingMethodAccessorImpl.java:43) ~[na:1.8.0_162]
	at java.lang.reflect.Method.invoke(Method.java:498) ~[na:1.8.0_162]
	at org.springframework.web.method.support.InvocableHandlerMethod.doInvoke(InvocableHandlerMethod.java:189) ~[spring-web-5.1.3.RELEASE.jar:5.1.3.RELEASE]
	at org.springframework.web.method.support.InvocableHandlerMethod.invokeForRequest(InvocableHandlerMethod.java:138) ~[spring-web-5.1.3.RELEASE.jar:5.1.3.RELEASE]
	at org.springframework.web.servlet.mvc.method.annotation.ServletInvocableHandlerMethod.invokeAndHandle(ServletInvocableHandlerMethod.java:102) ~[spring-webmvc-5.1.3.RELEASE.jar:5.1.3.RELEASE]
	at org.springframework.web.servlet.mvc.method.annotation.RequestMappingHandlerAdapter.invokeHandlerMethod(RequestMappingHandlerAdapter.java:895) ~[spring-webmvc-5.1.3.RELEASE.jar:5.1.3.RELEASE]
	at org.springframework.web.servlet.mvc.method.annotation.RequestMappingHandlerAdapter.handleInternal(RequestMappingHandlerAdapter.java:800) ~[spring-webmvc-5.1.3.RELEASE.jar:5.1.3.RELEASE]
	at org.springframework.web.servlet.mvc.method.AbstractHandlerMethodAdapter.handle(AbstractHandlerMethodAdapter.java:87) ~[spring-webmvc-5.1.3.RELEASE.jar:5.1.3.RELEASE]
	at org.springframework.web.servlet.DispatcherServlet.doDispatch(DispatcherServlet.java:1038) ~[spring-webmvc-5.1.3.RELEASE.jar:5.1.3.RELEASE]
	at org.springframework.web.servlet.DispatcherServlet.doService(DispatcherServlet.java:942) ~[spring-webmvc-5.1.3.RELEASE.jar:5.1.3.RELEASE]
	at org.springframework.web.servlet.FrameworkServlet.processRequest(FrameworkServlet.java:1005) ~[spring-webmvc-5.1.3.RELEASE.jar:5.1.3.RELEASE]
	at org.springframework.web.servlet.FrameworkServlet.doGet(FrameworkServlet.java:897) ~[spring-webmvc-5.1.3.RELEASE.jar:5.1.3.RELEASE]
	at javax.servlet.http.HttpServlet.service(HttpServlet.java:634) ~[tomcat-embed-core-9.0.13.jar:9.0.13]
	at org.springframework.web.servlet.FrameworkServlet.service(FrameworkServlet.java:882) ~[spring-webmvc-5.1.3.RELEASE.jar:5.1.3.RELEASE]
	at javax.servlet.http.HttpServlet.service(HttpServlet.java:741) ~[tomcat-embed-core-9.0.13.jar:9.0.13]
	at org.apache.catalina.core.ApplicationFilterChain.internalDoFilter(ApplicationFilterChain.java:231) ~[tomcat-embed-core-9.0.13.jar:9.0.13]
	at org.apache.catalina.core.ApplicationFilterChain.doFilter(ApplicationFilterChain.java:166) ~[tomcat-embed-core-9.0.13.jar:9.0.13]
	at org.apache.tomcat.websocket.server.WsFilter.doFilter(WsFilter.java:53) ~[tomcat-embed-websocket-9.0.13.jar:9.0.13]
	at org.apache.catalina.core.ApplicationFilterChain.internalDoFilter(ApplicationFilterChain.java:193) ~[tomcat-embed-core-9.0.13.jar:9.0.13]
	at org.apache.catalina.core.ApplicationFilterChain.doFilter(ApplicationFilterChain.java:166) ~[tomcat-embed-core-9.0.13.jar:9.0.13]
	at org.springframework.web.filter.RequestContextFilter.doFilterInternal(RequestContextFilter.java:99) ~[spring-web-5.1.3.RELEASE.jar:5.1.3.RELEASE]
	at org.springframework.web.filter.OncePerRequestFilter.doFilter(OncePerRequestFilter.java:107) ~[spring-web-5.1.3.RELEASE.jar:5.1.3.RELEASE]
	at org.apache.catalina.core.ApplicationFilterChain.internalDoFilter(ApplicationFilterChain.java:193) ~[tomcat-embed-core-9.0.13.jar:9.0.13]
	at org.apache.catalina.core.ApplicationFilterChain.doFilter(ApplicationFilterChain.java:166) ~[tomcat-embed-core-9.0.13.jar:9.0.13]
	at org.springframework.web.filter.FormContentFilter.doFilterInternal(FormContentFilter.java:92) ~[spring-web-5.1.3.RELEASE.jar:5.1.3.RELEASE]
	at org.springframework.web.filter.OncePerRequestFilter.doFilter(OncePerRequestFilter.java:107) ~[spring-web-5.1.3.RELEASE.jar:5.1.3.RELEASE]
	at org.apache.catalina.core.ApplicationFilterChain.internalDoFilter(ApplicationFilterChain.java:193) ~[tomcat-embed-core-9.0.13.jar:9.0.13]
	at org.apache.catalina.core.ApplicationFilterChain.doFilter(ApplicationFilterChain.java:166) ~[tomcat-embed-core-9.0.13.jar:9.0.13]
	at org.springframework.web.filter.HiddenHttpMethodFilter.doFilterInternal(HiddenHttpMethodFilter.java:93) ~[spring-web-5.1.3.RELEASE.jar:5.1.3.RELEASE]
	at org.springframework.web.filter.OncePerRequestFilter.doFilter(OncePerRequestFilter.java:107) ~[spring-web-5.1.3.RELEASE.jar:5.1.3.RELEASE]
	at org.apache.catalina.core.ApplicationFilterChain.internalDoFilter(ApplicationFilterChain.java:193) ~[tomcat-embed-core-9.0.13.jar:9.0.13]
	at org.apache.catalina.core.ApplicationFilterChain.doFilter(ApplicationFilterChain.java:166) ~[tomcat-embed-core-9.0.13.jar:9.0.13]
	at org.springframework.web.filter.CharacterEncodingFilter.doFilterInternal(CharacterEncodingFilter.java:200) ~[spring-web-5.1.3.RELEASE.jar:5.1.3.RELEASE]
	at org.springframework.web.filter.OncePerRequestFilter.doFilter(OncePerRequestFilter.java:107) ~[spring-web-5.1.3.RELEASE.jar:5.1.3.RELEASE]
	at org.apache.catalina.core.ApplicationFilterChain.internalDoFilter(ApplicationFilterChain.java:193) ~[tomcat-embed-core-9.0.13.jar:9.0.13]
	at org.apache.catalina.core.ApplicationFilterChain.doFilter(ApplicationFilterChain.java:166) ~[tomcat-embed-core-9.0.13.jar:9.0.13]
	at org.apache.catalina.core.StandardWrapperValve.invoke(StandardWrapperValve.java:199) ~[tomcat-embed-core-9.0.13.jar:9.0.13]
	at org.apache.catalina.core.StandardContextValve.invoke(StandardContextValve.java:96) [tomcat-embed-core-9.0.13.jar:9.0.13]
	at org.apache.catalina.authenticator.AuthenticatorBase.invoke(AuthenticatorBase.java:490) [tomcat-embed-core-9.0.13.jar:9.0.13]
	at org.apache.catalina.core.StandardHostValve.invoke(StandardHostValve.java:139) [tomcat-embed-core-9.0.13.jar:9.0.13]
	at org.apache.catalina.valves.ErrorReportValve.invoke(ErrorReportValve.java:92) [tomcat-embed-core-9.0.13.jar:9.0.13]
	at org.apache.catalina.core.StandardEngineValve.invoke(StandardEngineValve.java:74) [tomcat-embed-core-9.0.13.jar:9.0.13]
	at org.apache.catalina.connector.CoyoteAdapter.service(CoyoteAdapter.java:343) [tomcat-embed-core-9.0.13.jar:9.0.13]
	at org.apache.coyote.http11.Http11Processor.service(Http11Processor.java:408) [tomcat-embed-core-9.0.13.jar:9.0.13]
	at org.apache.coyote.AbstractProcessorLight.process(AbstractProcessorLight.java:66) [tomcat-embed-core-9.0.13.jar:9.0.13]
	at org.apache.coyote.AbstractProtocol$ConnectionHandler.process(AbstractProtocol.java:791) [tomcat-embed-core-9.0.13.jar:9.0.13]
	at org.apache.tomcat.util.net.NioEndpoint$SocketProcessor.doRun(NioEndpoint.java:1417) [tomcat-embed-core-9.0.13.jar:9.0.13]
	at org.apache.tomcat.util.net.SocketProcessorBase.run(SocketProcessorBase.java:49) [tomcat-embed-core-9.0.13.jar:9.0.13]
	at java.util.concurrent.ThreadPoolExecutor.runWorker(ThreadPoolExecutor.java:1149) [na:1.8.0_162]
	at java.util.concurrent.ThreadPoolExecutor$Worker.run(ThreadPoolExecutor.java:624) [na:1.8.0_162]
	at org.apache.tomcat.util.threads.TaskThread$WrappingRunnable.run(TaskThread.java:61) [tomcat-embed-core-9.0.13.jar:9.0.13]
	at java.lang.Thread.run(Thread.java:748) [na:1.8.0_162]

2018-12-17 11:17:12.799  INFO 12376 --- [restartedMain] com.example.demo.DemoApplication         : Starting DemoApplication on nkgw10nh1453 with PID 12376 (D:\SpringbootXmxTeach\target\classes started by Jun.Zhao in D:\SpringbootXmxTeach)
2018-12-17 11:17:12.799  INFO 12376 --- [restartedMain] com.example.demo.DemoApplication         : No active profile set, falling back to default profiles: default
2018-12-17 11:17:13.127  INFO 12376 --- [restartedMain] .e.DevToolsPropertyDefaultsPostProcessor : Devtools property defaults active! Set 'spring.devtools.add-properties' to 'false' to disable
2018-12-17 11:17:13.127  INFO 12376 --- [restartedMain] .e.DevToolsPropertyDefaultsPostProcessor : For additional web related logging consider setting the 'logging.level.web' property to 'DEBUG'
2018-12-17 11:17:15.330  INFO 12376 --- [restartedMain] o.s.b.w.embedded.tomcat.TomcatWebServer  : Tomcat initialized with port(s): 8080 (http)
2018-12-17 11:17:15.346  INFO 12376 --- [restartedMain] o.apache.catalina.core.StandardService   : Starting service [Tomcat]
2018-12-17 11:17:15.346  INFO 12376 --- [restartedMain] org.apache.catalina.core.StandardEngine  : Starting Servlet Engine: Apache Tomcat/9.0.13
2018-12-17 11:17:15.346  INFO 12376 --- [restartedMain] o.a.catalina.core.AprLifecycleListener   : The APR based Apache Tomcat Native library which allows optimal performance in production environments was not found on the java.library.path: [C:\Program Files\Java\jdk1.8.0_162\bin;C:\Windows\Sun\Java\bin;C:\Windows\system32;C:\Windows;C:\ProgramData\Oracle\Java\javapath;C:\Program Files\Java\jdk1.8.0_162\bin;C:\Program Files\MySQL\MySQL Utilities 1.6\;E:\Git\cmd;D:\Program Files\Apache\maven\bin\;C:\Users\jun.zhao\AppData\Local\Microsoft\WindowsApps;;.]
2018-12-17 11:17:15.455  INFO 12376 --- [restartedMain] o.a.c.c.C.[Tomcat].[localhost].[/]       : Initializing Spring embedded WebApplicationContext
2018-12-17 11:17:15.455  INFO 12376 --- [restartedMain] o.s.web.context.ContextLoader            : Root WebApplicationContext: initialization completed in 2328 ms
2018-12-17 11:17:16.080  INFO 12376 --- [restartedMain] o.s.s.concurrent.ThreadPoolTaskExecutor  : Initializing ExecutorService 'applicationTaskExecutor'
2018-12-17 11:17:16.393  INFO 12376 --- [restartedMain] o.s.b.d.a.OptionalLiveReloadServer       : LiveReload server is running on port 35729
2018-12-17 11:17:16.455  INFO 12376 --- [restartedMain] o.s.b.w.embedded.tomcat.TomcatWebServer  : Tomcat started on port(s): 8080 (http) with context path ''
2018-12-17 11:17:16.455  INFO 12376 --- [restartedMain] com.example.demo.DemoApplication         : Started DemoApplication in 4.291 seconds (JVM running for 5.625)
2018-12-17 11:17:29.681  INFO 12376 --- [http-nio-8080-exec-1] o.a.c.c.C.[Tomcat].[localhost].[/]       : Initializing Spring DispatcherServlet 'dispatcherServlet'
2018-12-17 11:17:29.681  INFO 12376 --- [http-nio-8080-exec-1] o.s.web.servlet.DispatcherServlet        : Initializing Servlet 'dispatcherServlet'
2018-12-17 11:17:29.697  INFO 12376 --- [http-nio-8080-exec-1] o.s.web.servlet.DispatcherServlet        : Completed initialization in 16 ms
2018-12-17 11:17:45.526  INFO 12376 --- [http-nio-8080-exec-5] com.zaxxer.hikari.HikariDataSource       : HikariPool-1 - Starting...
2018-12-17 11:17:45.530  WARN 12376 --- [http-nio-8080-exec-5] com.zaxxer.hikari.util.DriverDataSource  : Registered driver with driverClassName=com.mysql.jdbc.Driver was not found, trying direct instantiation.
2018-12-17 11:17:45.682  INFO 12376 --- [http-nio-8080-exec-5] com.zaxxer.hikari.HikariDataSource       : HikariPool-1 - Start completed.
2018-12-17 13:36:58.697  WARN 12376 --- [HikariPool-1 housekeeper] com.zaxxer.hikari.pool.HikariPool        : HikariPool-1 - Thread starvation or clock leap detected (housekeeper delta=19m11s706ms204µs274ns).
2018-12-17 13:47:10.599  INFO 3848 --- [restartedMain] com.example.demo.DemoApplication         : Starting DemoApplication on nkgw10nh1453 with PID 3848 (D:\SpringbootXmxTeach\target\classes started by Jun.Zhao in D:\SpringbootXmxTeach)
2018-12-17 13:47:10.615  INFO 3848 --- [restartedMain] com.example.demo.DemoApplication         : No active profile set, falling back to default profiles: default
2018-12-17 13:47:10.709  INFO 3848 --- [restartedMain] .e.DevToolsPropertyDefaultsPostProcessor : Devtools property defaults active! Set 'spring.devtools.add-properties' to 'false' to disable
2018-12-17 13:47:10.709  INFO 3848 --- [restartedMain] .e.DevToolsPropertyDefaultsPostProcessor : For additional web related logging consider setting the 'logging.level.web' property to 'DEBUG'
2018-12-17 13:47:12.865  INFO 3848 --- [restartedMain] o.s.b.w.embedded.tomcat.TomcatWebServer  : Tomcat initialized with port(s): 8080 (http)
2018-12-17 13:47:12.896  INFO 3848 --- [restartedMain] o.apache.catalina.core.StandardService   : Starting service [Tomcat]
2018-12-17 13:47:12.896  INFO 3848 --- [restartedMain] org.apache.catalina.core.StandardEngine  : Starting Servlet Engine: Apache Tomcat/9.0.13
2018-12-17 13:47:12.912  INFO 3848 --- [restartedMain] o.a.catalina.core.AprLifecycleListener   : The APR based Apache Tomcat Native library which allows optimal performance in production environments was not found on the java.library.path: [C:\Program Files\Java\jdk1.8.0_162\bin;C:\Windows\Sun\Java\bin;C:\Windows\system32;C:\Windows;C:\ProgramData\Oracle\Java\javapath;C:\Program Files\Java\jdk1.8.0_162\bin;C:\Program Files\MySQL\MySQL Utilities 1.6\;E:\Git\cmd;D:\Program Files\Apache\maven\bin\;C:\Users\jun.zhao\AppData\Local\Microsoft\WindowsApps;;.]
2018-12-17 13:47:13.053  INFO 3848 --- [restartedMain] o.a.c.c.C.[Tomcat].[localhost].[/]       : Initializing Spring embedded WebApplicationContext
2018-12-17 13:47:13.053  INFO 3848 --- [restartedMain] o.s.web.context.ContextLoader            : Root WebApplicationContext: initialization completed in 2344 ms
2018-12-17 13:47:13.709  INFO 3848 --- [restartedMain] o.s.s.concurrent.ThreadPoolTaskExecutor  : Initializing ExecutorService 'applicationTaskExecutor'
2018-12-17 13:47:14.006  INFO 3848 --- [restartedMain] o.s.b.d.a.OptionalLiveReloadServer       : LiveReload server is running on port 35729
2018-12-17 13:47:14.068  INFO 3848 --- [restartedMain] o.s.b.w.embedded.tomcat.TomcatWebServer  : Tomcat started on port(s): 8080 (http) with context path ''
2018-12-17 13:47:14.068  INFO 3848 --- [restartedMain] com.example.demo.DemoApplication         : Started DemoApplication in 3.984 seconds (JVM running for 5.229)
2018-12-17 14:16:28.499  INFO 2716 --- [main] com.example.demo.DemoApplicationTests    : Starting DemoApplicationTests on nkgw10nh1453 with PID 2716 (started by Jun.Zhao in D:\SpringbootXmxTeach)
2018-12-17 14:16:28.514  INFO 2716 --- [main] com.example.demo.DemoApplicationTests    : No active profile set, falling back to default profiles: default
2018-12-17 14:16:32.764  INFO 2716 --- [main] o.s.s.concurrent.ThreadPoolTaskExecutor  : Initializing ExecutorService 'applicationTaskExecutor'
2018-12-17 14:16:34.155  INFO 2716 --- [main] com.example.demo.DemoApplicationTests    : Started DemoApplicationTests in 6.719 seconds (JVM running for 9.278)
2018-12-17 14:16:35.046  INFO 2716 --- [main] com.zaxxer.hikari.HikariDataSource       : HikariPool-1 - Starting...
2018-12-17 14:16:35.061  WARN 2716 --- [main] com.zaxxer.hikari.util.DriverDataSource  : Registered driver with driverClassName=com.mysql.jdbc.Driver was not found, trying direct instantiation.
2018-12-17 14:16:35.311  INFO 2716 --- [main] com.zaxxer.hikari.HikariDataSource       : HikariPool-1 - Start completed.
2018-12-17 14:16:35.374  INFO 2716 --- [Thread-3] o.s.s.concurrent.ThreadPoolTaskExecutor  : Shutting down ExecutorService 'applicationTaskExecutor'
2018-12-17 14:16:35.374  INFO 2716 --- [Thread-3] com.zaxxer.hikari.HikariDataSource       : HikariPool-1 - Shutdown initiated...
2018-12-17 14:16:35.374  INFO 2716 --- [Thread-3] com.zaxxer.hikari.HikariDataSource       : HikariPool-1 - Shutdown completed.
2018-12-17 14:17:33.373  INFO 7552 --- [main] com.example.demo.DemoApplicationTests    : Starting DemoApplicationTests on nkgw10nh1453 with PID 7552 (started by Jun.Zhao in D:\SpringbootXmxTeach)
2018-12-17 14:17:33.388  INFO 7552 --- [main] com.example.demo.DemoApplicationTests    : No active profile set, falling back to default profiles: default
2018-12-17 14:17:39.326  INFO 7552 --- [main] o.s.s.concurrent.ThreadPoolTaskExecutor  : Initializing ExecutorService 'applicationTaskExecutor'
2018-12-17 14:17:40.154  INFO 7552 --- [main] com.example.demo.DemoApplicationTests    : Started DemoApplicationTests in 7.922 seconds (JVM running for 9.87)
2018-12-17 14:17:40.608  INFO 7552 --- [main] com.zaxxer.hikari.HikariDataSource       : HikariPool-1 - Starting...
2018-12-17 14:17:40.623  WARN 7552 --- [main] com.zaxxer.hikari.util.DriverDataSource  : Registered driver with driverClassName=com.mysql.jdbc.Driver was not found, trying direct instantiation.
2018-12-17 14:17:40.967  INFO 7552 --- [main] com.zaxxer.hikari.HikariDataSource       : HikariPool-1 - Start completed.
2018-12-17 14:17:41.045  INFO 7552 --- [Thread-3] o.s.s.concurrent.ThreadPoolTaskExecutor  : Shutting down ExecutorService 'applicationTaskExecutor'
2018-12-17 14:17:41.061  INFO 7552 --- [Thread-3] com.zaxxer.hikari.HikariDataSource       : HikariPool-1 - Shutdown initiated...
2018-12-17 14:17:41.061  INFO 7552 --- [Thread-3] com.zaxxer.hikari.HikariDataSource       : HikariPool-1 - Shutdown completed.
2018-12-17 14:21:39.960  INFO 3848 --- [Thread-14] o.s.s.concurrent.ThreadPoolTaskExecutor  : Shutting down ExecutorService 'applicationTaskExecutor'
2018-12-17 14:21:40.334  INFO 3848 --- [restartedMain] com.example.demo.DemoApplication         : Starting DemoApplication on nkgw10nh1453 with PID 3848 (D:\SpringbootXmxTeach\target\classes started by Jun.Zhao in D:\SpringbootXmxTeach)
2018-12-17 14:21:40.334  INFO 3848 --- [restartedMain] com.example.demo.DemoApplication         : No active profile set, falling back to default profiles: default
2018-12-17 14:21:41.459  INFO 3848 --- [restartedMain] o.s.b.w.embedded.tomcat.TomcatWebServer  : Tomcat initialized with port(s): 8080 (http)
2018-12-17 14:21:41.459  INFO 3848 --- [restartedMain] o.apache.catalina.core.StandardService   : Starting service [Tomcat]
2018-12-17 14:21:41.459  INFO 3848 --- [restartedMain] org.apache.catalina.core.StandardEngine  : Starting Servlet Engine: Apache Tomcat/9.0.13
2018-12-17 14:21:41.490  INFO 3848 --- [restartedMain] o.a.c.c.C.[Tomcat].[localhost].[/]       : Initializing Spring embedded WebApplicationContext
2018-12-17 14:21:41.490  INFO 3848 --- [restartedMain] o.s.web.context.ContextLoader            : Root WebApplicationContext: initialization completed in 1156 ms
2018-12-17 14:21:41.881  INFO 3848 --- [restartedMain] o.s.s.concurrent.ThreadPoolTaskExecutor  : Initializing ExecutorService 'applicationTaskExecutor'
2018-12-17 14:21:42.162  INFO 3848 --- [restartedMain] o.s.b.d.a.OptionalLiveReloadServer       : LiveReload server is running on port 35729
2018-12-17 14:21:42.209  INFO 3848 --- [restartedMain] o.s.b.w.embedded.tomcat.TomcatWebServer  : Tomcat started on port(s): 8080 (http) with context path ''
2018-12-17 14:21:42.209  INFO 3848 --- [restartedMain] com.example.demo.DemoApplication         : Started DemoApplication in 1.922 seconds (JVM running for 2073.366)
2018-12-17 14:21:42.209  INFO 3848 --- [restartedMain] .ConditionEvaluationDeltaLoggingListener : Condition evaluation unchanged
2018-12-17 14:21:46.238  INFO 12688 --- [main] com.example.demo.DemoApplicationTests    : Starting DemoApplicationTests on nkgw10nh1453 with PID 12688 (started by Jun.Zhao in D:\SpringbootXmxTeach)
2018-12-17 14:21:46.254  INFO 12688 --- [main] com.example.demo.DemoApplicationTests    : No active profile set, falling back to default profiles: default
2018-12-17 14:21:50.941  INFO 12688 --- [main] o.s.s.concurrent.ThreadPoolTaskExecutor  : Initializing ExecutorService 'applicationTaskExecutor'
2018-12-17 14:21:51.816  INFO 12688 --- [main] com.example.demo.DemoApplicationTests    : Started DemoApplicationTests in 6.501 seconds (JVM running for 8.267)
2018-12-17 14:21:52.191  INFO 12688 --- [main] com.zaxxer.hikari.HikariDataSource       : HikariPool-1 - Starting...
2018-12-17 14:21:52.191  WARN 12688 --- [main] com.zaxxer.hikari.util.DriverDataSource  : Registered driver with driverClassName=com.mysql.jdbc.Driver was not found, trying direct instantiation.
2018-12-17 14:21:52.582  INFO 12688 --- [main] com.zaxxer.hikari.HikariDataSource       : HikariPool-1 - Start completed.
2018-12-17 14:21:52.676  INFO 12688 --- [Thread-3] o.s.s.concurrent.ThreadPoolTaskExecutor  : Shutting down ExecutorService 'applicationTaskExecutor'
2018-12-17 14:21:52.676  INFO 12688 --- [Thread-3] com.zaxxer.hikari.HikariDataSource       : HikariPool-1 - Shutdown initiated...
2018-12-17 14:21:52.691  INFO 12688 --- [Thread-3] com.zaxxer.hikari.HikariDataSource       : HikariPool-1 - Shutdown completed.
2018-12-17 14:22:21.310  INFO 3848 --- [http-nio-8080-exec-1] o.a.c.c.C.[Tomcat].[localhost].[/]       : Initializing Spring DispatcherServlet 'dispatcherServlet'
2018-12-17 14:22:21.311  INFO 3848 --- [http-nio-8080-exec-1] o.s.web.servlet.DispatcherServlet        : Initializing Servlet 'dispatcherServlet'
2018-12-17 14:22:21.323  INFO 3848 --- [http-nio-8080-exec-1] o.s.web.servlet.DispatcherServlet        : Completed initialization in 12 ms
2018-12-17 14:22:26.966  INFO 3848 --- [http-nio-8080-exec-6] com.zaxxer.hikari.HikariDataSource       : HikariPool-1 - Starting...
2018-12-17 14:22:26.966  WARN 3848 --- [http-nio-8080-exec-6] com.zaxxer.hikari.util.DriverDataSource  : Registered driver with driverClassName=com.mysql.jdbc.Driver was not found, trying direct instantiation.
2018-12-17 14:22:27.091  INFO 3848 --- [http-nio-8080-exec-6] com.zaxxer.hikari.HikariDataSource       : HikariPool-1 - Start completed.
2018-12-17 14:26:05.471  INFO 7260 --- [restartedMain] com.example.demo.DemoApplication         : Starting DemoApplication on nkgw10nh1453 with PID 7260 (D:\SpringbootXmxTeach\target\classes started by Jun.Zhao in D:\SpringbootXmxTeach)
2018-12-17 14:26:05.486  INFO 7260 --- [restartedMain] com.example.demo.DemoApplication         : No active profile set, falling back to default profiles: default
2018-12-17 14:26:05.596  INFO 7260 --- [restartedMain] .e.DevToolsPropertyDefaultsPostProcessor : Devtools property defaults active! Set 'spring.devtools.add-properties' to 'false' to disable
2018-12-17 14:26:05.596  INFO 7260 --- [restartedMain] .e.DevToolsPropertyDefaultsPostProcessor : For additional web related logging consider setting the 'logging.level.web' property to 'DEBUG'
2018-12-17 14:26:08.315  INFO 7260 --- [restartedMain] o.s.b.w.embedded.tomcat.TomcatWebServer  : Tomcat initialized with port(s): 8080 (http)
2018-12-17 14:26:08.330  INFO 7260 --- [restartedMain] o.apache.catalina.core.StandardService   : Starting service [Tomcat]
2018-12-17 14:26:08.330  INFO 7260 --- [restartedMain] org.apache.catalina.core.StandardEngine  : Starting Servlet Engine: Apache Tomcat/9.0.13
2018-12-17 14:26:08.346  INFO 7260 --- [restartedMain] o.a.catalina.core.AprLifecycleListener   : The APR based Apache Tomcat Native library which allows optimal performance in production environments was not found on the java.library.path: [C:\Program Files\Java\jdk1.8.0_162\bin;C:\Windows\Sun\Java\bin;C:\Windows\system32;C:\Windows;C:\ProgramData\Oracle\Java\javapath;C:\Program Files\Java\jdk1.8.0_162\bin;C:\Program Files\MySQL\MySQL Utilities 1.6\;E:\Git\cmd;D:\Program Files\Apache\maven\bin\;C:\Users\jun.zhao\AppData\Local\Microsoft\WindowsApps;;.]
2018-12-17 14:26:08.424  INFO 7260 --- [restartedMain] o.a.c.c.C.[Tomcat].[localhost].[/]       : Initializing Spring embedded WebApplicationContext
2018-12-17 14:26:08.424  INFO 7260 --- [restartedMain] o.s.web.context.ContextLoader            : Root WebApplicationContext: initialization completed in 2828 ms
2018-12-17 14:26:09.205  INFO 7260 --- [restartedMain] o.s.s.concurrent.ThreadPoolTaskExecutor  : Initializing ExecutorService 'applicationTaskExecutor'
2018-12-17 14:26:09.549  INFO 7260 --- [restartedMain] o.s.b.d.a.OptionalLiveReloadServer       : LiveReload server is running on port 35729
2018-12-17 14:26:09.612  INFO 7260 --- [restartedMain] o.s.b.w.embedded.tomcat.TomcatWebServer  : Tomcat started on port(s): 8080 (http) with context path ''
2018-12-17 14:26:09.612  INFO 7260 --- [restartedMain] com.example.demo.DemoApplication         : Started DemoApplication in 4.719 seconds (JVM running for 5.847)
2018-12-17 14:26:12.882  INFO 7260 --- [http-nio-8080-exec-3] o.a.c.c.C.[Tomcat].[localhost].[/]       : Initializing Spring DispatcherServlet 'dispatcherServlet'
2018-12-17 14:26:12.883  INFO 7260 --- [http-nio-8080-exec-3] o.s.web.servlet.DispatcherServlet        : Initializing Servlet 'dispatcherServlet'
2018-12-17 14:26:12.894  INFO 7260 --- [http-nio-8080-exec-3] o.s.web.servlet.DispatcherServlet        : Completed initialization in 11 ms
2018-12-17 14:26:17.109  INFO 7260 --- [http-nio-8080-exec-8] com.zaxxer.hikari.HikariDataSource       : HikariPool-1 - Starting...
2018-12-17 14:26:17.111  WARN 7260 --- [http-nio-8080-exec-8] com.zaxxer.hikari.util.DriverDataSource  : Registered driver with driverClassName=com.mysql.jdbc.Driver was not found, trying direct instantiation.
2018-12-17 14:26:17.197  INFO 7260 --- [http-nio-8080-exec-8] com.zaxxer.hikari.HikariDataSource       : HikariPool-1 - Start completed.
2018-12-17 14:26:22.030  INFO 7260 --- [http-nio-8080-exec-3] com.example.demo.annotation.FirstAspect  : annotation value:查看method param:[3, {}]
2018-12-17 14:26:25.807  INFO 7260 --- [http-nio-8080-exec-1] com.example.demo.annotation.FirstAspect  : annotation value:查看method param:[3, {}]
2018-12-17 14:26:34.945  INFO 7260 --- [http-nio-8080-exec-5] com.example.demo.annotation.FirstAspect  : annotation value:查看method param:[3, {}]
2018-12-17 14:34:39.098  INFO 10560 --- [restartedMain] com.example.demo.DemoApplication         : Starting DemoApplication on nkgw10nh1453 with PID 10560 (D:\SpringbootXmxTeach\target\classes started by Jun.Zhao in D:\SpringbootXmxTeach)
2018-12-17 14:34:39.113  INFO 10560 --- [restartedMain] com.example.demo.DemoApplication         : No active profile set, falling back to default profiles: default
2018-12-17 14:34:39.238  INFO 10560 --- [restartedMain] .e.DevToolsPropertyDefaultsPostProcessor : Devtools property defaults active! Set 'spring.devtools.add-properties' to 'false' to disable
2018-12-17 14:34:39.254  INFO 10560 --- [restartedMain] .e.DevToolsPropertyDefaultsPostProcessor : For additional web related logging consider setting the 'logging.level.web' property to 'DEBUG'
2018-12-17 14:34:41.551  INFO 10560 --- [restartedMain] o.s.b.w.embedded.tomcat.TomcatWebServer  : Tomcat initialized with port(s): 8080 (http)
2018-12-17 14:34:41.567  INFO 10560 --- [restartedMain] o.apache.catalina.core.StandardService   : Starting service [Tomcat]
2018-12-17 14:34:41.567  INFO 10560 --- [restartedMain] org.apache.catalina.core.StandardEngine  : Starting Servlet Engine: Apache Tomcat/9.0.13
2018-12-17 14:34:41.582  INFO 10560 --- [restartedMain] o.a.catalina.core.AprLifecycleListener   : The APR based Apache Tomcat Native library which allows optimal performance in production environments was not found on the java.library.path: [C:\Program Files\Java\jdk1.8.0_162\bin;C:\Windows\Sun\Java\bin;C:\Windows\system32;C:\Windows;C:\ProgramData\Oracle\Java\javapath;C:\Program Files\Java\jdk1.8.0_162\bin;C:\Program Files\MySQL\MySQL Utilities 1.6\;E:\Git\cmd;D:\Program Files\Apache\maven\bin\;C:\Users\jun.zhao\AppData\Local\Microsoft\WindowsApps;;.]
2018-12-17 14:34:41.692  INFO 10560 --- [restartedMain] o.a.c.c.C.[Tomcat].[localhost].[/]       : Initializing Spring embedded WebApplicationContext
2018-12-17 14:34:41.692  INFO 10560 --- [restartedMain] o.s.web.context.ContextLoader            : Root WebApplicationContext: initialization completed in 2438 ms
2018-12-17 14:34:42.379  INFO 10560 --- [restartedMain] o.s.s.concurrent.ThreadPoolTaskExecutor  : Initializing ExecutorService 'applicationTaskExecutor'
2018-12-17 14:34:42.738  INFO 10560 --- [restartedMain] o.s.b.d.a.OptionalLiveReloadServer       : LiveReload server is running on port 35729
2018-12-17 14:34:42.817  INFO 10560 --- [restartedMain] o.s.b.w.embedded.tomcat.TomcatWebServer  : Tomcat started on port(s): 8080 (http) with context path ''
2018-12-17 14:34:42.817  INFO 10560 --- [restartedMain] com.example.demo.DemoApplication         : Started DemoApplication in 4.251 seconds (JVM running for 5.376)
2018-12-17 14:35:39.719  INFO 1116 --- [main] com.example.demo.DemoApplicationTests    : Starting DemoApplicationTests on nkgw10nh1453 with PID 1116 (started by Jun.Zhao in D:\SpringbootXmxTeach)
2018-12-17 14:35:39.719  INFO 1116 --- [main] com.example.demo.DemoApplicationTests    : No active profile set, falling back to default profiles: default
2018-12-17 14:35:44.892  INFO 1116 --- [main] o.s.s.concurrent.ThreadPoolTaskExecutor  : Initializing ExecutorService 'applicationTaskExecutor'
2018-12-17 14:35:45.907  INFO 1116 --- [main] com.example.demo.DemoApplicationTests    : Started DemoApplicationTests in 7.125 seconds (JVM running for 9.164)
2018-12-17 14:35:46.392  INFO 1116 --- [main] com.zaxxer.hikari.HikariDataSource       : HikariPool-1 - Starting...
2018-12-17 14:35:46.392  WARN 1116 --- [main] com.zaxxer.hikari.util.DriverDataSource  : Registered driver with driverClassName=com.mysql.jdbc.Driver was not found, trying direct instantiation.
2018-12-17 14:35:46.720  INFO 1116 --- [main] com.zaxxer.hikari.HikariDataSource       : HikariPool-1 - Start completed.
2018-12-17 14:35:46.892  INFO 1116 --- [Thread-3] o.s.s.concurrent.ThreadPoolTaskExecutor  : Shutting down ExecutorService 'applicationTaskExecutor'
2018-12-17 14:35:46.892  INFO 1116 --- [Thread-3] com.zaxxer.hikari.HikariDataSource       : HikariPool-1 - Shutdown initiated...
2018-12-17 14:35:46.907  INFO 1116 --- [Thread-3] com.zaxxer.hikari.HikariDataSource       : HikariPool-1 - Shutdown completed.
